{"C:\\Users\\lucas\\OneDrive\\Área de Trabalho\\condo-access\\src\\modules\\acesso\\controllers\\AcessosController.ts": {"path":"C:\\Users\\lucas\\OneDrive\\Área de Trabalho\\condo-access\\src\\modules\\acesso\\controllers\\AcessosController.ts","all":false,"statementMap":{"0":{"start":{"line":1,"column":0},"end":{"line":1,"column":44}},"1":{"start":{"line":2,"column":0},"end":{"line":2,"column":59}},"2":{"start":{"line":3,"column":0},"end":{"line":3,"column":62}},"3":{"start":{"line":4,"column":0},"end":{"line":4,"column":57}},"4":{"start":{"line":5,"column":0},"end":{"line":5,"column":0}},"5":{"start":{"line":6,"column":0},"end":{"line":6,"column":25}},"6":{"start":{"line":7,"column":0},"end":{"line":7,"column":72}},"7":{"start":{"line":8,"column":0},"end":{"line":8,"column":53}},"8":{"start":{"line":9,"column":0},"end":{"line":9,"column":4}},"9":{"start":{"line":10,"column":0},"end":{"line":10,"column":52}},"10":{"start":{"line":11,"column":0},"end":{"line":11,"column":4}},"11":{"start":{"line":12,"column":0},"end":{"line":12,"column":33}},"12":{"start":{"line":13,"column":0},"end":{"line":13,"column":5}},"13":{"start":{"line":14,"column":0},"end":{"line":14,"column":0}},"14":{"start":{"line":15,"column":0},"end":{"line":15,"column":73}},"15":{"start":{"line":16,"column":0},"end":{"line":16,"column":59}},"16":{"start":{"line":17,"column":0},"end":{"line":17,"column":55}},"17":{"start":{"line":18,"column":0},"end":{"line":18,"column":85}},"18":{"start":{"line":19,"column":0},"end":{"line":19,"column":0}},"19":{"start":{"line":20,"column":0},"end":{"line":20,"column":32}},"20":{"start":{"line":21,"column":0},"end":{"line":21,"column":5}},"21":{"start":{"line":22,"column":0},"end":{"line":22,"column":0}},"22":{"start":{"line":23,"column":0},"end":{"line":23,"column":81}},"23":{"start":{"line":24,"column":0},"end":{"line":24,"column":34}},"24":{"start":{"line":25,"column":0},"end":{"line":25,"column":4}},"25":{"start":{"line":26,"column":0},"end":{"line":26,"column":66}},"26":{"start":{"line":27,"column":0},"end":{"line":27,"column":67}},"27":{"start":{"line":28,"column":0},"end":{"line":28,"column":4}},"28":{"start":{"line":29,"column":0},"end":{"line":29,"column":32}},"29":{"start":{"line":30,"column":0},"end":{"line":30,"column":5}},"30":{"start":{"line":31,"column":0},"end":{"line":31,"column":1}},"31":{"start":{"line":32,"column":0},"end":{"line":32,"column":0}},"32":{"start":{"line":33,"column":0},"end":{"line":33,"column":33}}},"s":{"0":1,"1":1,"2":1,"3":1,"4":1,"5":1,"6":1,"7":1,"8":1,"9":1,"10":1,"11":1,"12":1,"13":1,"14":1,"15":1,"16":1,"17":1,"18":1,"19":1,"20":1,"21":1,"22":1,"23":1,"24":1,"25":1,"26":1,"27":1,"28":1,"29":1,"30":1,"31":1,"32":1},"branchMap":{"0":{"type":"branch","line":7,"loc":{"start":{"line":7,"column":17},"end":{"line":13,"column":5}},"locations":[{"start":{"line":7,"column":17},"end":{"line":13,"column":5}}]},"1":{"type":"branch","line":15,"loc":{"start":{"line":15,"column":17},"end":{"line":21,"column":5}},"locations":[{"start":{"line":15,"column":17},"end":{"line":21,"column":5}}]},"2":{"type":"branch","line":23,"loc":{"start":{"line":23,"column":17},"end":{"line":30,"column":5}},"locations":[{"start":{"line":23,"column":17},"end":{"line":30,"column":5}}]}},"b":{"0":[1],"1":[1],"2":[1]},"fnMap":{"0":{"name":"index","decl":{"start":{"line":7,"column":17},"end":{"line":13,"column":5}},"loc":{"start":{"line":7,"column":17},"end":{"line":13,"column":5}},"line":7},"1":{"name":"create","decl":{"start":{"line":15,"column":17},"end":{"line":21,"column":5}},"loc":{"start":{"line":15,"column":17},"end":{"line":21,"column":5}},"line":15},"2":{"name":"registrarSaida","decl":{"start":{"line":23,"column":17},"end":{"line":30,"column":5}},"loc":{"start":{"line":23,"column":17},"end":{"line":30,"column":5}},"line":23}},"f":{"0":1,"1":1,"2":1}}
,"C:\\Users\\lucas\\OneDrive\\Área de Trabalho\\condo-access\\src\\modules\\acesso\\services\\CreateAcesso.ts": {"path":"C:\\Users\\lucas\\OneDrive\\Área de Trabalho\\condo-access\\src\\modules\\acesso\\services\\CreateAcesso.ts","all":false,"statementMap":{"0":{"start":{"line":1,"column":0},"end":{"line":1,"column":46}},"1":{"start":{"line":2,"column":0},"end":{"line":2,"column":47}},"2":{"start":{"line":3,"column":0},"end":{"line":3,"column":93}},"3":{"start":{"line":4,"column":0},"end":{"line":4,"column":48}},"4":{"start":{"line":5,"column":0},"end":{"line":5,"column":74}},"5":{"start":{"line":6,"column":0},"end":{"line":6,"column":88}},"6":{"start":{"line":7,"column":0},"end":{"line":7,"column":97}},"7":{"start":{"line":8,"column":0},"end":{"line":8,"column":44}},"8":{"start":{"line":9,"column":0},"end":{"line":9,"column":0}},"9":{"start":{"line":10,"column":0},"end":{"line":10,"column":20}},"10":{"start":{"line":11,"column":0},"end":{"line":11,"column":13}},"11":{"start":{"line":12,"column":0},"end":{"line":12,"column":21}},"12":{"start":{"line":13,"column":0},"end":{"line":13,"column":24}},"13":{"start":{"line":14,"column":0},"end":{"line":14,"column":1}},"14":{"start":{"line":15,"column":0},"end":{"line":15,"column":0}},"15":{"start":{"line":16,"column":0},"end":{"line":16,"column":27}},"16":{"start":{"line":17,"column":0},"end":{"line":17,"column":86}},"17":{"start":{"line":18,"column":0},"end":{"line":18,"column":69}},"18":{"start":{"line":19,"column":0},"end":{"line":19,"column":77}},"19":{"start":{"line":20,"column":0},"end":{"line":20,"column":71}},"20":{"start":{"line":21,"column":0},"end":{"line":21,"column":74}},"21":{"start":{"line":22,"column":0},"end":{"line":22,"column":0}},"22":{"start":{"line":23,"column":0},"end":{"line":23,"column":36}},"23":{"start":{"line":24,"column":0},"end":{"line":24,"column":0}},"24":{"start":{"line":25,"column":0},"end":{"line":25,"column":75}},"25":{"start":{"line":26,"column":0},"end":{"line":26,"column":20}},"26":{"start":{"line":27,"column":0},"end":{"line":27,"column":56}},"27":{"start":{"line":28,"column":0},"end":{"line":28,"column":5}},"28":{"start":{"line":29,"column":0},"end":{"line":29,"column":0}},"29":{"start":{"line":30,"column":0},"end":{"line":30,"column":90}},"30":{"start":{"line":31,"column":0},"end":{"line":31,"column":90}},"31":{"start":{"line":32,"column":0},"end":{"line":32,"column":55}},"32":{"start":{"line":33,"column":0},"end":{"line":33,"column":71}},"33":{"start":{"line":34,"column":0},"end":{"line":34,"column":5}},"34":{"start":{"line":35,"column":0},"end":{"line":35,"column":0}},"35":{"start":{"line":36,"column":0},"end":{"line":36,"column":66}},"36":{"start":{"line":37,"column":0},"end":{"line":37,"column":0}},"37":{"start":{"line":38,"column":0},"end":{"line":38,"column":65}},"38":{"start":{"line":39,"column":0},"end":{"line":39,"column":21}},"39":{"start":{"line":40,"column":0},"end":{"line":40,"column":69}},"40":{"start":{"line":41,"column":0},"end":{"line":41,"column":5}},"41":{"start":{"line":42,"column":0},"end":{"line":42,"column":0}},"42":{"start":{"line":43,"column":0},"end":{"line":43,"column":45}},"43":{"start":{"line":44,"column":0},"end":{"line":44,"column":18}},"44":{"start":{"line":45,"column":0},"end":{"line":45,"column":19}},"45":{"start":{"line":46,"column":0},"end":{"line":46,"column":16}},"46":{"start":{"line":47,"column":0},"end":{"line":47,"column":7}},"47":{"start":{"line":48,"column":0},"end":{"line":48,"column":0}},"48":{"start":{"line":49,"column":0},"end":{"line":49,"column":41}},"49":{"start":{"line":50,"column":0},"end":{"line":50,"column":0}},"50":{"start":{"line":51,"column":0},"end":{"line":51,"column":18}},"51":{"start":{"line":52,"column":0},"end":{"line":52,"column":3}},"52":{"start":{"line":53,"column":0},"end":{"line":53,"column":1}},"53":{"start":{"line":54,"column":0},"end":{"line":54,"column":0}},"54":{"start":{"line":55,"column":0},"end":{"line":55,"column":35}}},"s":{"0":1,"1":1,"2":1,"3":1,"4":1,"5":1,"6":1,"7":1,"8":1,"9":1,"10":1,"11":1,"12":1,"13":1,"14":1,"15":1,"16":1,"17":0,"18":0,"19":0,"20":0,"21":0,"22":0,"23":0,"24":0,"25":0,"26":0,"27":0,"28":0,"29":0,"30":0,"31":0,"32":0,"33":0,"34":0,"35":0,"36":0,"37":0,"38":0,"39":0,"40":0,"41":0,"42":0,"43":0,"44":0,"45":0,"46":0,"47":0,"48":0,"49":0,"50":0,"51":0,"52":1,"53":1,"54":1},"branchMap":{},"b":{},"fnMap":{"0":{"name":"execute","decl":{"start":{"line":17,"column":15},"end":{"line":52,"column":3}},"loc":{"start":{"line":17,"column":15},"end":{"line":52,"column":3}},"line":17}},"f":{"0":0}}
,"C:\\Users\\lucas\\OneDrive\\Área de Trabalho\\condo-access\\src\\modules\\acesso\\services\\ListAcessos.ts": {"path":"C:\\Users\\lucas\\OneDrive\\Área de Trabalho\\condo-access\\src\\modules\\acesso\\services\\ListAcessos.ts","all":false,"statementMap":{"0":{"start":{"line":1,"column":0},"end":{"line":1,"column":46}},"1":{"start":{"line":2,"column":0},"end":{"line":2,"column":48}},"2":{"start":{"line":3,"column":0},"end":{"line":3,"column":73}},"3":{"start":{"line":4,"column":0},"end":{"line":4,"column":0}},"4":{"start":{"line":5,"column":0},"end":{"line":5,"column":26}},"5":{"start":{"line":6,"column":0},"end":{"line":6,"column":45}},"6":{"start":{"line":7,"column":0},"end":{"line":7,"column":68}},"7":{"start":{"line":8,"column":0},"end":{"line":8,"column":0}},"8":{"start":{"line":9,"column":0},"end":{"line":9,"column":43}},"9":{"start":{"line":10,"column":0},"end":{"line":10,"column":36}},"10":{"start":{"line":11,"column":0},"end":{"line":11,"column":58}},"11":{"start":{"line":12,"column":0},"end":{"line":12,"column":60}},"12":{"start":{"line":13,"column":0},"end":{"line":13,"column":54}},"13":{"start":{"line":14,"column":0},"end":{"line":14,"column":17}},"14":{"start":{"line":15,"column":0},"end":{"line":15,"column":0}},"15":{"start":{"line":16,"column":0},"end":{"line":16,"column":19}},"16":{"start":{"line":17,"column":0},"end":{"line":17,"column":3}},"17":{"start":{"line":18,"column":0},"end":{"line":18,"column":1}},"18":{"start":{"line":19,"column":0},"end":{"line":19,"column":0}},"19":{"start":{"line":20,"column":0},"end":{"line":20,"column":34}}},"s":{"0":1,"1":1,"2":1,"3":1,"4":1,"5":1,"6":0,"7":0,"8":0,"9":0,"10":0,"11":0,"12":0,"13":0,"14":0,"15":0,"16":0,"17":1,"18":1,"19":1},"branchMap":{},"b":{},"fnMap":{"0":{"name":"execute","decl":{"start":{"line":6,"column":15},"end":{"line":17,"column":3}},"loc":{"start":{"line":6,"column":15},"end":{"line":17,"column":3}},"line":6}},"f":{"0":0}}
,"C:\\Users\\lucas\\OneDrive\\Área de Trabalho\\condo-access\\src\\modules\\acesso\\services\\RegisterSaida.ts": {"path":"C:\\Users\\lucas\\OneDrive\\Área de Trabalho\\condo-access\\src\\modules\\acesso\\services\\RegisterSaida.ts","all":false,"statementMap":{"0":{"start":{"line":1,"column":0},"end":{"line":1,"column":46}},"1":{"start":{"line":2,"column":0},"end":{"line":2,"column":47}},"2":{"start":{"line":3,"column":0},"end":{"line":3,"column":48}},"3":{"start":{"line":4,"column":0},"end":{"line":4,"column":74}},"4":{"start":{"line":5,"column":0},"end":{"line":5,"column":0}},"5":{"start":{"line":6,"column":0},"end":{"line":6,"column":20}},"6":{"start":{"line":7,"column":0},"end":{"line":7,"column":13}},"7":{"start":{"line":8,"column":0},"end":{"line":8,"column":1}},"8":{"start":{"line":9,"column":0},"end":{"line":9,"column":0}},"9":{"start":{"line":10,"column":0},"end":{"line":10,"column":29}},"10":{"start":{"line":11,"column":0},"end":{"line":11,"column":59}},"11":{"start":{"line":12,"column":0},"end":{"line":12,"column":69}},"12":{"start":{"line":13,"column":0},"end":{"line":13,"column":0}},"13":{"start":{"line":14,"column":0},"end":{"line":14,"column":56}},"14":{"start":{"line":15,"column":0},"end":{"line":15,"column":18}},"15":{"start":{"line":16,"column":0},"end":{"line":16,"column":51}},"16":{"start":{"line":17,"column":0},"end":{"line":17,"column":5}},"17":{"start":{"line":18,"column":0},"end":{"line":18,"column":0}},"18":{"start":{"line":19,"column":0},"end":{"line":19,"column":26}},"19":{"start":{"line":20,"column":0},"end":{"line":20,"column":0}},"20":{"start":{"line":21,"column":0},"end":{"line":21,"column":41}},"21":{"start":{"line":22,"column":0},"end":{"line":22,"column":0}},"22":{"start":{"line":23,"column":0},"end":{"line":23,"column":18}},"23":{"start":{"line":24,"column":0},"end":{"line":24,"column":3}},"24":{"start":{"line":25,"column":0},"end":{"line":25,"column":1}},"25":{"start":{"line":26,"column":0},"end":{"line":26,"column":0}},"26":{"start":{"line":27,"column":0},"end":{"line":27,"column":37}}},"s":{"0":1,"1":1,"2":1,"3":1,"4":1,"5":1,"6":1,"7":1,"8":1,"9":1,"10":1,"11":0,"12":0,"13":0,"14":0,"15":0,"16":0,"17":0,"18":0,"19":0,"20":0,"21":0,"22":0,"23":0,"24":1,"25":1,"26":1},"branchMap":{},"b":{},"fnMap":{"0":{"name":"execute","decl":{"start":{"line":11,"column":15},"end":{"line":24,"column":3}},"loc":{"start":{"line":11,"column":15},"end":{"line":24,"column":3}},"line":11}},"f":{"0":0}}
,"C:\\Users\\lucas\\OneDrive\\Área de Trabalho\\condo-access\\src\\modules\\acesso\\typeorm\\entities\\Acesso.ts": {"path":"C:\\Users\\lucas\\OneDrive\\Área de Trabalho\\condo-access\\src\\modules\\acesso\\typeorm\\entities\\Acesso.ts","all":false,"statementMap":{"0":{"start":{"line":1,"column":0},"end":{"line":1,"column":9}},"1":{"start":{"line":2,"column":0},"end":{"line":2,"column":12}},"2":{"start":{"line":3,"column":0},"end":{"line":3,"column":28}},"3":{"start":{"line":4,"column":0},"end":{"line":4,"column":21}},"4":{"start":{"line":5,"column":0},"end":{"line":5,"column":11}},"5":{"start":{"line":6,"column":0},"end":{"line":6,"column":14}},"6":{"start":{"line":7,"column":0},"end":{"line":7,"column":15}},"7":{"start":{"line":8,"column":0},"end":{"line":8,"column":20}},"8":{"start":{"line":9,"column":0},"end":{"line":9,"column":17}},"9":{"start":{"line":10,"column":0},"end":{"line":10,"column":0}},"10":{"start":{"line":11,"column":0},"end":{"line":11,"column":85}},"11":{"start":{"line":12,"column":0},"end":{"line":12,"column":76}},"12":{"start":{"line":13,"column":0},"end":{"line":13,"column":82}},"13":{"start":{"line":14,"column":0},"end":{"line":14,"column":2}},"14":{"start":{"line":15,"column":0},"end":{"line":15,"column":20}},"15":{"start":{"line":16,"column":0},"end":{"line":16,"column":16}},"16":{"start":{"line":17,"column":0},"end":{"line":17,"column":35}},"17":{"start":{"line":18,"column":0},"end":{"line":18,"column":15}},"18":{"start":{"line":19,"column":0},"end":{"line":19,"column":0}},"19":{"start":{"line":20,"column":0},"end":{"line":20,"column":31}},"20":{"start":{"line":21,"column":0},"end":{"line":21,"column":41}},"21":{"start":{"line":22,"column":0},"end":{"line":22,"column":25}},"22":{"start":{"line":23,"column":0},"end":{"line":23,"column":0}},"23":{"start":{"line":24,"column":0},"end":{"line":24,"column":32}},"24":{"start":{"line":25,"column":0},"end":{"line":25,"column":42}},"25":{"start":{"line":26,"column":0},"end":{"line":26,"column":27}},"26":{"start":{"line":27,"column":0},"end":{"line":27,"column":0}},"27":{"start":{"line":28,"column":0},"end":{"line":28,"column":29}},"28":{"start":{"line":29,"column":0},"end":{"line":29,"column":39}},"29":{"start":{"line":30,"column":0},"end":{"line":30,"column":21}},"30":{"start":{"line":31,"column":0},"end":{"line":31,"column":0}},"31":{"start":{"line":32,"column":0},"end":{"line":32,"column":13}},"32":{"start":{"line":33,"column":0},"end":{"line":33,"column":21}},"33":{"start":{"line":34,"column":0},"end":{"line":34,"column":0}},"34":{"start":{"line":35,"column":0},"end":{"line":35,"column":23}},"35":{"start":{"line":36,"column":0},"end":{"line":36,"column":23}},"36":{"start":{"line":37,"column":0},"end":{"line":37,"column":0}},"37":{"start":{"line":38,"column":0},"end":{"line":38,"column":62}},"38":{"start":{"line":39,"column":0},"end":{"line":39,"column":21}},"39":{"start":{"line":40,"column":0},"end":{"line":40,"column":3}},"40":{"start":{"line":41,"column":0},"end":{"line":41,"column":2}},"41":{"start":{"line":42,"column":0},"end":{"line":42,"column":24}}},"s":{"0":1,"1":1,"2":1,"3":1,"4":1,"5":1,"6":1,"7":1,"8":1,"9":1,"10":1,"11":1,"12":1,"13":1,"14":1,"15":1,"16":1,"17":1,"18":1,"19":1,"20":1,"21":1,"22":1,"23":1,"24":1,"25":1,"26":1,"27":1,"28":1,"29":1,"30":1,"31":1,"32":1,"33":1,"34":1,"35":1,"36":1,"37":1,"38":1,"39":1,"40":1,"41":1},"branchMap":{},"b":{},"fnMap":{},"f":{}}
,"C:\\Users\\lucas\\OneDrive\\Área de Trabalho\\condo-access\\src\\modules\\acesso\\typeorm\\repositories\\AcessosRepository.ts": {"path":"C:\\Users\\lucas\\OneDrive\\Área de Trabalho\\condo-access\\src\\modules\\acesso\\typeorm\\repositories\\AcessosRepository.ts","all":false,"statementMap":{"0":{"start":{"line":1,"column":0},"end":{"line":1,"column":55}},"1":{"start":{"line":2,"column":0},"end":{"line":2,"column":40}},"2":{"start":{"line":3,"column":0},"end":{"line":3,"column":0}},"3":{"start":{"line":4,"column":0},"end":{"line":4,"column":25}},"4":{"start":{"line":5,"column":0},"end":{"line":5,"column":52}},"5":{"start":{"line":6,"column":0},"end":{"line":6,"column":68}},"6":{"start":{"line":7,"column":0},"end":{"line":7,"column":43}},"7":{"start":{"line":8,"column":0},"end":{"line":8,"column":20}},"8":{"start":{"line":9,"column":0},"end":{"line":9,"column":19}},"9":{"start":{"line":10,"column":0},"end":{"line":10,"column":14}},"10":{"start":{"line":11,"column":0},"end":{"line":11,"column":11}},"11":{"start":{"line":12,"column":0},"end":{"line":12,"column":4}},"12":{"start":{"line":13,"column":0},"end":{"line":13,"column":22}},"13":{"start":{"line":14,"column":0},"end":{"line":14,"column":5}},"14":{"start":{"line":15,"column":0},"end":{"line":15,"column":1}},"15":{"start":{"line":16,"column":0},"end":{"line":16,"column":0}},"16":{"start":{"line":17,"column":0},"end":{"line":17,"column":33}}},"s":{"0":1,"1":1,"2":1,"3":1,"4":1,"5":1,"6":0,"7":0,"8":0,"9":0,"10":0,"11":0,"12":0,"13":0,"14":1,"15":1,"16":1},"branchMap":{},"b":{},"fnMap":{"0":{"name":"findById","decl":{"start":{"line":6,"column":17},"end":{"line":14,"column":5}},"loc":{"start":{"line":6,"column":17},"end":{"line":14,"column":5}},"line":6}},"f":{"0":0}}
,"C:\\Users\\lucas\\OneDrive\\Área de Trabalho\\condo-access\\src\\modules\\condominios\\typeorm\\entities\\Condominio.ts": {"path":"C:\\Users\\lucas\\OneDrive\\Área de Trabalho\\condo-access\\src\\modules\\condominios\\typeorm\\entities\\Condominio.ts","all":false,"statementMap":{"0":{"start":{"line":1,"column":0},"end":{"line":1,"column":9}},"1":{"start":{"line":2,"column":0},"end":{"line":2,"column":12}},"2":{"start":{"line":3,"column":0},"end":{"line":3,"column":28}},"3":{"start":{"line":4,"column":0},"end":{"line":4,"column":12}},"4":{"start":{"line":5,"column":0},"end":{"line":5,"column":17}},"5":{"start":{"line":6,"column":0},"end":{"line":6,"column":2}},"6":{"start":{"line":7,"column":0},"end":{"line":7,"column":24}},"7":{"start":{"line":8,"column":0},"end":{"line":8,"column":20}},"8":{"start":{"line":9,"column":0},"end":{"line":9,"column":40}},"9":{"start":{"line":10,"column":0},"end":{"line":10,"column":15}},"10":{"start":{"line":11,"column":0},"end":{"line":11,"column":0}},"11":{"start":{"line":12,"column":0},"end":{"line":12,"column":13}},"12":{"start":{"line":13,"column":0},"end":{"line":13,"column":17}},"13":{"start":{"line":14,"column":0},"end":{"line":14,"column":3}},"14":{"start":{"line":15,"column":0},"end":{"line":15,"column":2}},"15":{"start":{"line":16,"column":0},"end":{"line":16,"column":28}}},"s":{"0":1,"1":1,"2":1,"3":1,"4":1,"5":1,"6":1,"7":1,"8":1,"9":1,"10":1,"11":1,"12":1,"13":1,"14":1,"15":1},"branchMap":{},"b":{},"fnMap":{},"f":{}}
,"C:\\Users\\lucas\\OneDrive\\Área de Trabalho\\condo-access\\src\\modules\\condominios\\typeorm\\repositories\\CondominiosRepository.ts": {"path":"C:\\Users\\lucas\\OneDrive\\Área de Trabalho\\condo-access\\src\\modules\\condominios\\typeorm\\repositories\\CondominiosRepository.ts","all":false,"statementMap":{"0":{"start":{"line":1,"column":0},"end":{"line":1,"column":55}},"1":{"start":{"line":2,"column":0},"end":{"line":2,"column":48}},"2":{"start":{"line":3,"column":0},"end":{"line":3,"column":0}},"3":{"start":{"line":4,"column":0},"end":{"line":4,"column":29}},"4":{"start":{"line":5,"column":0},"end":{"line":5,"column":60}},"5":{"start":{"line":6,"column":0},"end":{"line":6,"column":72}},"6":{"start":{"line":7,"column":0},"end":{"line":7,"column":47}},"7":{"start":{"line":8,"column":0},"end":{"line":8,"column":20}},"8":{"start":{"line":9,"column":0},"end":{"line":9,"column":19}},"9":{"start":{"line":10,"column":0},"end":{"line":10,"column":14}},"10":{"start":{"line":11,"column":0},"end":{"line":11,"column":11}},"11":{"start":{"line":12,"column":0},"end":{"line":12,"column":4}},"12":{"start":{"line":13,"column":0},"end":{"line":13,"column":26}},"13":{"start":{"line":14,"column":0},"end":{"line":14,"column":5}},"14":{"start":{"line":15,"column":0},"end":{"line":15,"column":1}},"15":{"start":{"line":16,"column":0},"end":{"line":16,"column":0}},"16":{"start":{"line":17,"column":0},"end":{"line":17,"column":37}}},"s":{"0":1,"1":1,"2":1,"3":1,"4":1,"5":1,"6":0,"7":0,"8":0,"9":0,"10":0,"11":0,"12":0,"13":0,"14":1,"15":1,"16":1},"branchMap":{},"b":{},"fnMap":{"0":{"name":"findById","decl":{"start":{"line":6,"column":17},"end":{"line":14,"column":5}},"loc":{"start":{"line":6,"column":17},"end":{"line":14,"column":5}},"line":6}},"f":{"0":0}}
,"C:\\Users\\lucas\\OneDrive\\Área de Trabalho\\condo-access\\src\\modules\\unidades\\typeorm\\entities\\Unidade.ts": {"path":"C:\\Users\\lucas\\OneDrive\\Área de Trabalho\\condo-access\\src\\modules\\unidades\\typeorm\\entities\\Unidade.ts","all":false,"statementMap":{"0":{"start":{"line":1,"column":0},"end":{"line":1,"column":9}},"1":{"start":{"line":2,"column":0},"end":{"line":2,"column":12}},"2":{"start":{"line":3,"column":0},"end":{"line":3,"column":28}},"3":{"start":{"line":4,"column":0},"end":{"line":4,"column":11}},"4":{"start":{"line":5,"column":0},"end":{"line":5,"column":14}},"5":{"start":{"line":6,"column":0},"end":{"line":6,"column":15}},"6":{"start":{"line":7,"column":0},"end":{"line":7,"column":17}},"7":{"start":{"line":8,"column":0},"end":{"line":8,"column":0}},"8":{"start":{"line":9,"column":0},"end":{"line":9,"column":85}},"9":{"start":{"line":10,"column":0},"end":{"line":10,"column":2}},"10":{"start":{"line":11,"column":0},"end":{"line":11,"column":21}},"11":{"start":{"line":12,"column":0},"end":{"line":12,"column":17}},"12":{"start":{"line":13,"column":0},"end":{"line":13,"column":40}},"13":{"start":{"line":14,"column":0},"end":{"line":14,"column":15}},"14":{"start":{"line":15,"column":0},"end":{"line":15,"column":0}},"15":{"start":{"line":16,"column":0},"end":{"line":16,"column":13}},"16":{"start":{"line":17,"column":0},"end":{"line":17,"column":17}},"17":{"start":{"line":18,"column":0},"end":{"line":18,"column":0}},"18":{"start":{"line":19,"column":0},"end":{"line":19,"column":32}},"19":{"start":{"line":20,"column":0},"end":{"line":20,"column":42}},"20":{"start":{"line":21,"column":0},"end":{"line":21,"column":27}},"21":{"start":{"line":22,"column":0},"end":{"line":22,"column":3}},"22":{"start":{"line":23,"column":0},"end":{"line":23,"column":2}},"23":{"start":{"line":24,"column":0},"end":{"line":24,"column":25}}},"s":{"0":1,"1":1,"2":1,"3":1,"4":1,"5":1,"6":1,"7":1,"8":1,"9":1,"10":1,"11":1,"12":1,"13":1,"14":1,"15":1,"16":1,"17":1,"18":1,"19":1,"20":1,"21":1,"22":1,"23":1},"branchMap":{},"b":{},"fnMap":{},"f":{}}
,"C:\\Users\\lucas\\OneDrive\\Área de Trabalho\\condo-access\\src\\modules\\unidades\\typeorm\\repositories\\UnidadesRepository.ts": {"path":"C:\\Users\\lucas\\OneDrive\\Área de Trabalho\\condo-access\\src\\modules\\unidades\\typeorm\\repositories\\UnidadesRepository.ts","all":false,"statementMap":{"0":{"start":{"line":1,"column":0},"end":{"line":1,"column":55}},"1":{"start":{"line":2,"column":0},"end":{"line":2,"column":42}},"2":{"start":{"line":3,"column":0},"end":{"line":3,"column":74}},"3":{"start":{"line":4,"column":0},"end":{"line":4,"column":0}},"4":{"start":{"line":5,"column":0},"end":{"line":5,"column":26}},"5":{"start":{"line":6,"column":0},"end":{"line":6,"column":54}},"6":{"start":{"line":7,"column":0},"end":{"line":7,"column":82}},"7":{"start":{"line":8,"column":0},"end":{"line":8,"column":42}},"8":{"start":{"line":9,"column":0},"end":{"line":9,"column":20}},"9":{"start":{"line":10,"column":0},"end":{"line":10,"column":27}},"10":{"start":{"line":11,"column":0},"end":{"line":11,"column":14}},"11":{"start":{"line":12,"column":0},"end":{"line":12,"column":11}},"12":{"start":{"line":13,"column":0},"end":{"line":13,"column":4}},"13":{"start":{"line":14,"column":0},"end":{"line":14,"column":24}},"14":{"start":{"line":15,"column":0},"end":{"line":15,"column":5}},"15":{"start":{"line":16,"column":0},"end":{"line":16,"column":0}},"16":{"start":{"line":17,"column":0},"end":{"line":17,"column":69}},"17":{"start":{"line":18,"column":0},"end":{"line":18,"column":44}},"18":{"start":{"line":19,"column":0},"end":{"line":19,"column":20}},"19":{"start":{"line":20,"column":0},"end":{"line":20,"column":19}},"20":{"start":{"line":21,"column":0},"end":{"line":21,"column":14}},"21":{"start":{"line":22,"column":0},"end":{"line":22,"column":11}},"22":{"start":{"line":23,"column":0},"end":{"line":23,"column":4}},"23":{"start":{"line":24,"column":0},"end":{"line":24,"column":23}},"24":{"start":{"line":25,"column":0},"end":{"line":25,"column":5}},"25":{"start":{"line":26,"column":0},"end":{"line":26,"column":1}},"26":{"start":{"line":27,"column":0},"end":{"line":27,"column":0}},"27":{"start":{"line":28,"column":0},"end":{"line":28,"column":34}}},"s":{"0":1,"1":1,"2":1,"3":1,"4":1,"5":1,"6":1,"7":0,"8":0,"9":0,"10":0,"11":0,"12":0,"13":0,"14":0,"15":1,"16":1,"17":0,"18":0,"19":0,"20":0,"21":0,"22":0,"23":0,"24":0,"25":1,"26":1,"27":1},"branchMap":{},"b":{},"fnMap":{"0":{"name":"findAllByCondominio","decl":{"start":{"line":7,"column":17},"end":{"line":15,"column":5}},"loc":{"start":{"line":7,"column":17},"end":{"line":15,"column":5}},"line":7},"1":{"name":"findById","decl":{"start":{"line":17,"column":17},"end":{"line":25,"column":5}},"loc":{"start":{"line":17,"column":17},"end":{"line":25,"column":5}},"line":17}},"f":{"0":0,"1":0}}
,"C:\\Users\\lucas\\OneDrive\\Área de Trabalho\\condo-access\\src\\modules\\visitantes\\controllers\\VisitantesController.ts": {"path":"C:\\Users\\lucas\\OneDrive\\Área de Trabalho\\condo-access\\src\\modules\\visitantes\\controllers\\VisitantesController.ts","all":false,"statementMap":{"0":{"start":{"line":1,"column":0},"end":{"line":1,"column":44}},"1":{"start":{"line":2,"column":0},"end":{"line":2,"column":68}},"2":{"start":{"line":3,"column":0},"end":{"line":3,"column":68}},"3":{"start":{"line":4,"column":0},"end":{"line":4,"column":72}},"4":{"start":{"line":5,"column":0},"end":{"line":5,"column":72}},"5":{"start":{"line":6,"column":0},"end":{"line":6,"column":72}},"6":{"start":{"line":7,"column":0},"end":{"line":7,"column":0}},"7":{"start":{"line":8,"column":0},"end":{"line":8,"column":28}},"8":{"start":{"line":9,"column":0},"end":{"line":9,"column":72}},"9":{"start":{"line":10,"column":0},"end":{"line":10,"column":59}},"10":{"start":{"line":11,"column":0},"end":{"line":11,"column":59}},"11":{"start":{"line":12,"column":0},"end":{"line":12,"column":0}},"12":{"start":{"line":13,"column":0},"end":{"line":13,"column":36}},"13":{"start":{"line":14,"column":0},"end":{"line":14,"column":5}},"14":{"start":{"line":15,"column":0},"end":{"line":15,"column":0}},"15":{"start":{"line":16,"column":0},"end":{"line":16,"column":71}},"16":{"start":{"line":17,"column":0},"end":{"line":17,"column":34}},"17":{"start":{"line":18,"column":0},"end":{"line":18,"column":57}},"18":{"start":{"line":19,"column":0},"end":{"line":19,"column":62}},"19":{"start":{"line":20,"column":0},"end":{"line":20,"column":0}},"20":{"start":{"line":21,"column":0},"end":{"line":21,"column":35}},"21":{"start":{"line":22,"column":0},"end":{"line":22,"column":5}},"22":{"start":{"line":23,"column":0},"end":{"line":23,"column":0}},"23":{"start":{"line":24,"column":0},"end":{"line":24,"column":73}},"24":{"start":{"line":25,"column":0},"end":{"line":25,"column":47}},"25":{"start":{"line":26,"column":0},"end":{"line":26,"column":61}},"26":{"start":{"line":27,"column":0},"end":{"line":27,"column":79}},"27":{"start":{"line":28,"column":0},"end":{"line":28,"column":0}},"28":{"start":{"line":29,"column":0},"end":{"line":29,"column":35}},"29":{"start":{"line":30,"column":0},"end":{"line":30,"column":5}},"30":{"start":{"line":31,"column":0},"end":{"line":31,"column":0}},"31":{"start":{"line":32,"column":0},"end":{"line":32,"column":73}},"32":{"start":{"line":33,"column":0},"end":{"line":33,"column":34}},"33":{"start":{"line":34,"column":0},"end":{"line":34,"column":47}},"34":{"start":{"line":35,"column":0},"end":{"line":35,"column":8}},"35":{"start":{"line":36,"column":0},"end":{"line":36,"column":61}},"36":{"start":{"line":37,"column":0},"end":{"line":37,"column":58}},"37":{"start":{"line":38,"column":0},"end":{"line":38,"column":16}},"38":{"start":{"line":39,"column":0},"end":{"line":39,"column":27}},"39":{"start":{"line":40,"column":0},"end":{"line":40,"column":15}},"40":{"start":{"line":41,"column":0},"end":{"line":41,"column":11}},"41":{"start":{"line":42,"column":0},"end":{"line":42,"column":0}},"42":{"start":{"line":43,"column":0},"end":{"line":43,"column":35}},"43":{"start":{"line":44,"column":0},"end":{"line":44,"column":5}},"44":{"start":{"line":45,"column":0},"end":{"line":45,"column":0}},"45":{"start":{"line":46,"column":0},"end":{"line":46,"column":73}},"46":{"start":{"line":47,"column":0},"end":{"line":47,"column":34}},"47":{"start":{"line":48,"column":0},"end":{"line":48,"column":0}},"48":{"start":{"line":49,"column":0},"end":{"line":49,"column":61}},"49":{"start":{"line":50,"column":0},"end":{"line":50,"column":46}},"50":{"start":{"line":51,"column":0},"end":{"line":51,"column":0}},"51":{"start":{"line":52,"column":0},"end":{"line":52,"column":28}},"52":{"start":{"line":53,"column":0},"end":{"line":53,"column":5}},"53":{"start":{"line":54,"column":0},"end":{"line":54,"column":1}},"54":{"start":{"line":55,"column":0},"end":{"line":55,"column":0}},"55":{"start":{"line":56,"column":0},"end":{"line":56,"column":36}}},"s":{"0":1,"1":1,"2":1,"3":1,"4":1,"5":1,"6":1,"7":1,"8":1,"9":1,"10":1,"11":1,"12":1,"13":1,"14":1,"15":1,"16":1,"17":1,"18":1,"19":1,"20":1,"21":1,"22":1,"23":1,"24":1,"25":1,"26":1,"27":1,"28":1,"29":1,"30":1,"31":1,"32":1,"33":1,"34":1,"35":1,"36":1,"37":1,"38":1,"39":1,"40":1,"41":1,"42":1,"43":1,"44":1,"45":1,"46":1,"47":1,"48":1,"49":1,"50":1,"51":1,"52":1,"53":1,"54":1,"55":1},"branchMap":{"0":{"type":"branch","line":9,"loc":{"start":{"line":9,"column":17},"end":{"line":14,"column":5}},"locations":[{"start":{"line":9,"column":17},"end":{"line":14,"column":5}}]},"1":{"type":"branch","line":16,"loc":{"start":{"line":16,"column":17},"end":{"line":22,"column":5}},"locations":[{"start":{"line":16,"column":17},"end":{"line":22,"column":5}}]},"2":{"type":"branch","line":24,"loc":{"start":{"line":24,"column":17},"end":{"line":30,"column":5}},"locations":[{"start":{"line":24,"column":17},"end":{"line":30,"column":5}}]},"3":{"type":"branch","line":32,"loc":{"start":{"line":32,"column":17},"end":{"line":44,"column":5}},"locations":[{"start":{"line":32,"column":17},"end":{"line":44,"column":5}}]},"4":{"type":"branch","line":46,"loc":{"start":{"line":46,"column":17},"end":{"line":53,"column":5}},"locations":[{"start":{"line":46,"column":17},"end":{"line":53,"column":5}}]}},"b":{"0":[1],"1":[1],"2":[1],"3":[1],"4":[1]},"fnMap":{"0":{"name":"index","decl":{"start":{"line":9,"column":17},"end":{"line":14,"column":5}},"loc":{"start":{"line":9,"column":17},"end":{"line":14,"column":5}},"line":9},"1":{"name":"show","decl":{"start":{"line":16,"column":17},"end":{"line":22,"column":5}},"loc":{"start":{"line":16,"column":17},"end":{"line":22,"column":5}},"line":16},"2":{"name":"create","decl":{"start":{"line":24,"column":17},"end":{"line":30,"column":5}},"loc":{"start":{"line":24,"column":17},"end":{"line":30,"column":5}},"line":24},"3":{"name":"update","decl":{"start":{"line":32,"column":17},"end":{"line":44,"column":5}},"loc":{"start":{"line":32,"column":17},"end":{"line":44,"column":5}},"line":32},"4":{"name":"delete","decl":{"start":{"line":46,"column":17},"end":{"line":53,"column":5}},"loc":{"start":{"line":46,"column":17},"end":{"line":53,"column":5}},"line":46}},"f":{"0":1,"1":1,"2":1,"3":1,"4":1}}
,"C:\\Users\\lucas\\OneDrive\\Área de Trabalho\\condo-access\\src\\modules\\visitantes\\services\\CreateVisitanteService.ts": {"path":"C:\\Users\\lucas\\OneDrive\\Área de Trabalho\\condo-access\\src\\modules\\visitantes\\services\\CreateVisitanteService.ts","all":false,"statementMap":{"0":{"start":{"line":1,"column":0},"end":{"line":1,"column":47}},"1":{"start":{"line":2,"column":0},"end":{"line":2,"column":46}},"2":{"start":{"line":3,"column":0},"end":{"line":3,"column":54}},"3":{"start":{"line":4,"column":0},"end":{"line":4,"column":79}},"4":{"start":{"line":5,"column":0},"end":{"line":5,"column":44}},"5":{"start":{"line":6,"column":0},"end":{"line":6,"column":0}},"6":{"start":{"line":7,"column":0},"end":{"line":7,"column":20}},"7":{"start":{"line":8,"column":0},"end":{"line":8,"column":24}},"8":{"start":{"line":9,"column":0},"end":{"line":9,"column":13}},"9":{"start":{"line":10,"column":0},"end":{"line":10,"column":1}},"10":{"start":{"line":11,"column":0},"end":{"line":11,"column":0}},"11":{"start":{"line":12,"column":0},"end":{"line":12,"column":30}},"12":{"start":{"line":13,"column":0},"end":{"line":13,"column":77}},"13":{"start":{"line":14,"column":0},"end":{"line":14,"column":74}},"14":{"start":{"line":15,"column":0},"end":{"line":15,"column":0}},"15":{"start":{"line":16,"column":0},"end":{"line":16,"column":36}},"16":{"start":{"line":17,"column":0},"end":{"line":17,"column":0}},"17":{"start":{"line":18,"column":0},"end":{"line":18,"column":71}},"18":{"start":{"line":19,"column":0},"end":{"line":19,"column":0}},"19":{"start":{"line":20,"column":0},"end":{"line":20,"column":26}},"20":{"start":{"line":21,"column":0},"end":{"line":21,"column":70}},"21":{"start":{"line":22,"column":0},"end":{"line":22,"column":5}},"22":{"start":{"line":23,"column":0},"end":{"line":23,"column":0}},"23":{"start":{"line":24,"column":0},"end":{"line":24,"column":52}},"24":{"start":{"line":25,"column":0},"end":{"line":25,"column":22}},"25":{"start":{"line":26,"column":0},"end":{"line":26,"column":17}},"26":{"start":{"line":27,"column":0},"end":{"line":27,"column":7}},"27":{"start":{"line":28,"column":0},"end":{"line":28,"column":0}},"28":{"start":{"line":29,"column":0},"end":{"line":29,"column":47}},"29":{"start":{"line":30,"column":0},"end":{"line":30,"column":0}},"30":{"start":{"line":31,"column":0},"end":{"line":31,"column":21}},"31":{"start":{"line":32,"column":0},"end":{"line":32,"column":3}},"32":{"start":{"line":33,"column":0},"end":{"line":33,"column":1}},"33":{"start":{"line":34,"column":0},"end":{"line":34,"column":0}},"34":{"start":{"line":35,"column":0},"end":{"line":35,"column":38}}},"s":{"0":1,"1":1,"2":1,"3":1,"4":1,"5":1,"6":1,"7":1,"8":1,"9":1,"10":1,"11":1,"12":1,"13":0,"14":0,"15":0,"16":0,"17":0,"18":0,"19":0,"20":0,"21":0,"22":0,"23":0,"24":0,"25":0,"26":0,"27":0,"28":0,"29":0,"30":0,"31":0,"32":1,"33":1,"34":1},"branchMap":{},"b":{},"fnMap":{"0":{"name":"execute","decl":{"start":{"line":13,"column":15},"end":{"line":32,"column":3}},"loc":{"start":{"line":13,"column":15},"end":{"line":32,"column":3}},"line":13}},"f":{"0":0}}
,"C:\\Users\\lucas\\OneDrive\\Área de Trabalho\\condo-access\\src\\modules\\visitantes\\services\\DeleteVisitanteService.ts": {"path":"C:\\Users\\lucas\\OneDrive\\Área de Trabalho\\condo-access\\src\\modules\\visitantes\\services\\DeleteVisitanteService.ts","all":false,"statementMap":{"0":{"start":{"line":1,"column":0},"end":{"line":1,"column":47}},"1":{"start":{"line":2,"column":0},"end":{"line":2,"column":46}},"2":{"start":{"line":3,"column":0},"end":{"line":3,"column":79}},"3":{"start":{"line":4,"column":0},"end":{"line":4,"column":0}},"4":{"start":{"line":5,"column":0},"end":{"line":5,"column":20}},"5":{"start":{"line":6,"column":0},"end":{"line":6,"column":15}},"6":{"start":{"line":7,"column":0},"end":{"line":7,"column":1}},"7":{"start":{"line":8,"column":0},"end":{"line":8,"column":0}},"8":{"start":{"line":9,"column":0},"end":{"line":9,"column":30}},"9":{"start":{"line":10,"column":0},"end":{"line":10,"column":57}},"10":{"start":{"line":11,"column":0},"end":{"line":11,"column":74}},"11":{"start":{"line":12,"column":0},"end":{"line":12,"column":0}},"12":{"start":{"line":13,"column":0},"end":{"line":13,"column":61}},"13":{"start":{"line":14,"column":0},"end":{"line":14,"column":0}},"14":{"start":{"line":15,"column":0},"end":{"line":15,"column":21}},"15":{"start":{"line":16,"column":0},"end":{"line":16,"column":53}},"16":{"start":{"line":17,"column":0},"end":{"line":17,"column":5}},"17":{"start":{"line":18,"column":0},"end":{"line":18,"column":0}},"18":{"start":{"line":19,"column":0},"end":{"line":19,"column":49}},"19":{"start":{"line":20,"column":0},"end":{"line":20,"column":3}},"20":{"start":{"line":21,"column":0},"end":{"line":21,"column":1}},"21":{"start":{"line":22,"column":0},"end":{"line":22,"column":0}},"22":{"start":{"line":23,"column":0},"end":{"line":23,"column":38}}},"s":{"0":1,"1":1,"2":1,"3":1,"4":1,"5":1,"6":1,"7":1,"8":1,"9":1,"10":0,"11":0,"12":0,"13":0,"14":0,"15":0,"16":0,"17":0,"18":0,"19":0,"20":1,"21":1,"22":1},"branchMap":{},"b":{},"fnMap":{"0":{"name":"execute","decl":{"start":{"line":10,"column":15},"end":{"line":20,"column":3}},"loc":{"start":{"line":10,"column":15},"end":{"line":20,"column":3}},"line":10}},"f":{"0":0}}
,"C:\\Users\\lucas\\OneDrive\\Área de Trabalho\\condo-access\\src\\modules\\visitantes\\services\\ListVisitanteService.ts": {"path":"C:\\Users\\lucas\\OneDrive\\Área de Trabalho\\condo-access\\src\\modules\\visitantes\\services\\ListVisitanteService.ts","all":false,"statementMap":{"0":{"start":{"line":1,"column":0},"end":{"line":1,"column":47}},"1":{"start":{"line":2,"column":0},"end":{"line":2,"column":46}},"2":{"start":{"line":3,"column":0},"end":{"line":3,"column":54}},"3":{"start":{"line":4,"column":0},"end":{"line":4,"column":79}},"4":{"start":{"line":5,"column":0},"end":{"line":5,"column":0}},"5":{"start":{"line":6,"column":0},"end":{"line":6,"column":28}},"6":{"start":{"line":7,"column":0},"end":{"line":7,"column":48}},"7":{"start":{"line":8,"column":0},"end":{"line":8,"column":74}},"8":{"start":{"line":9,"column":0},"end":{"line":9,"column":0}},"9":{"start":{"line":10,"column":0},"end":{"line":10,"column":51}},"10":{"start":{"line":11,"column":0},"end":{"line":11,"column":0}},"11":{"start":{"line":12,"column":0},"end":{"line":12,"column":22}},"12":{"start":{"line":13,"column":0},"end":{"line":13,"column":3}},"13":{"start":{"line":14,"column":0},"end":{"line":14,"column":1}},"14":{"start":{"line":15,"column":0},"end":{"line":15,"column":0}},"15":{"start":{"line":16,"column":0},"end":{"line":16,"column":36}}},"s":{"0":1,"1":1,"2":1,"3":1,"4":1,"5":1,"6":1,"7":0,"8":0,"9":0,"10":0,"11":0,"12":0,"13":1,"14":1,"15":1},"branchMap":{},"b":{},"fnMap":{"0":{"name":"execute","decl":{"start":{"line":7,"column":15},"end":{"line":13,"column":3}},"loc":{"start":{"line":7,"column":15},"end":{"line":13,"column":3}},"line":7}},"f":{"0":0}}
,"C:\\Users\\lucas\\OneDrive\\Área de Trabalho\\condo-access\\src\\modules\\visitantes\\services\\ShowVisitanteService.ts": {"path":"C:\\Users\\lucas\\OneDrive\\Área de Trabalho\\condo-access\\src\\modules\\visitantes\\services\\ShowVisitanteService.ts","all":false,"statementMap":{"0":{"start":{"line":1,"column":0},"end":{"line":1,"column":47}},"1":{"start":{"line":2,"column":0},"end":{"line":2,"column":46}},"2":{"start":{"line":3,"column":0},"end":{"line":3,"column":54}},"3":{"start":{"line":4,"column":0},"end":{"line":4,"column":79}},"4":{"start":{"line":5,"column":0},"end":{"line":5,"column":0}},"5":{"start":{"line":6,"column":0},"end":{"line":6,"column":20}},"6":{"start":{"line":7,"column":0},"end":{"line":7,"column":13}},"7":{"start":{"line":8,"column":0},"end":{"line":8,"column":1}},"8":{"start":{"line":9,"column":0},"end":{"line":9,"column":0}},"9":{"start":{"line":10,"column":0},"end":{"line":10,"column":28}},"10":{"start":{"line":11,"column":0},"end":{"line":11,"column":74}},"11":{"start":{"line":12,"column":0},"end":{"line":12,"column":74}},"12":{"start":{"line":13,"column":0},"end":{"line":13,"column":0}},"13":{"start":{"line":14,"column":0},"end":{"line":14,"column":55}},"14":{"start":{"line":15,"column":0},"end":{"line":15,"column":0}},"15":{"start":{"line":16,"column":0},"end":{"line":16,"column":19}},"16":{"start":{"line":17,"column":0},"end":{"line":17,"column":53}},"17":{"start":{"line":18,"column":0},"end":{"line":18,"column":5}},"18":{"start":{"line":19,"column":0},"end":{"line":19,"column":0}},"19":{"start":{"line":20,"column":0},"end":{"line":20,"column":21}},"20":{"start":{"line":21,"column":0},"end":{"line":21,"column":3}},"21":{"start":{"line":22,"column":0},"end":{"line":22,"column":1}},"22":{"start":{"line":23,"column":0},"end":{"line":23,"column":0}},"23":{"start":{"line":24,"column":0},"end":{"line":24,"column":36}}},"s":{"0":1,"1":1,"2":1,"3":1,"4":1,"5":1,"6":1,"7":1,"8":1,"9":1,"10":1,"11":0,"12":0,"13":0,"14":0,"15":0,"16":0,"17":0,"18":0,"19":0,"20":0,"21":1,"22":1,"23":1},"branchMap":{},"b":{},"fnMap":{"0":{"name":"execute","decl":{"start":{"line":11,"column":15},"end":{"line":21,"column":3}},"loc":{"start":{"line":11,"column":15},"end":{"line":21,"column":3}},"line":11}},"f":{"0":0}}
,"C:\\Users\\lucas\\OneDrive\\Área de Trabalho\\condo-access\\src\\modules\\visitantes\\services\\UpdateVisitanteService.ts": {"path":"C:\\Users\\lucas\\OneDrive\\Área de Trabalho\\condo-access\\src\\modules\\visitantes\\services\\UpdateVisitanteService.ts","all":false,"statementMap":{"0":{"start":{"line":1,"column":0},"end":{"line":1,"column":47}},"1":{"start":{"line":2,"column":0},"end":{"line":2,"column":46}},"2":{"start":{"line":3,"column":0},"end":{"line":3,"column":54}},"3":{"start":{"line":4,"column":0},"end":{"line":4,"column":79}},"4":{"start":{"line":5,"column":0},"end":{"line":5,"column":44}},"5":{"start":{"line":6,"column":0},"end":{"line":6,"column":0}},"6":{"start":{"line":7,"column":0},"end":{"line":7,"column":20}},"7":{"start":{"line":8,"column":0},"end":{"line":8,"column":13}},"8":{"start":{"line":9,"column":0},"end":{"line":9,"column":24}},"9":{"start":{"line":10,"column":0},"end":{"line":10,"column":13}},"10":{"start":{"line":11,"column":0},"end":{"line":11,"column":1}},"11":{"start":{"line":12,"column":0},"end":{"line":12,"column":0}},"12":{"start":{"line":13,"column":0},"end":{"line":13,"column":30}},"13":{"start":{"line":14,"column":0},"end":{"line":14,"column":81}},"14":{"start":{"line":15,"column":0},"end":{"line":15,"column":74}},"15":{"start":{"line":16,"column":0},"end":{"line":16,"column":0}},"16":{"start":{"line":17,"column":0},"end":{"line":17,"column":61}},"17":{"start":{"line":18,"column":0},"end":{"line":18,"column":19}},"18":{"start":{"line":19,"column":0},"end":{"line":19,"column":53}},"19":{"start":{"line":20,"column":0},"end":{"line":20,"column":5}},"20":{"start":{"line":21,"column":0},"end":{"line":21,"column":0}},"21":{"start":{"line":22,"column":0},"end":{"line":22,"column":36}},"22":{"start":{"line":23,"column":0},"end":{"line":23,"column":0}},"23":{"start":{"line":24,"column":0},"end":{"line":24,"column":71}},"24":{"start":{"line":25,"column":0},"end":{"line":25,"column":0}},"25":{"start":{"line":26,"column":0},"end":{"line":26,"column":51}},"26":{"start":{"line":27,"column":0},"end":{"line":27,"column":70}},"27":{"start":{"line":28,"column":0},"end":{"line":28,"column":5}},"28":{"start":{"line":29,"column":0},"end":{"line":29,"column":0}},"29":{"start":{"line":30,"column":0},"end":{"line":30,"column":44}},"30":{"start":{"line":31,"column":0},"end":{"line":31,"column":25}},"31":{"start":{"line":32,"column":0},"end":{"line":32,"column":0}},"32":{"start":{"line":33,"column":0},"end":{"line":33,"column":47}},"33":{"start":{"line":34,"column":0},"end":{"line":34,"column":0}},"34":{"start":{"line":35,"column":0},"end":{"line":35,"column":21}},"35":{"start":{"line":36,"column":0},"end":{"line":36,"column":3}},"36":{"start":{"line":37,"column":0},"end":{"line":37,"column":1}},"37":{"start":{"line":38,"column":0},"end":{"line":38,"column":0}},"38":{"start":{"line":39,"column":0},"end":{"line":39,"column":38}}},"s":{"0":1,"1":1,"2":1,"3":1,"4":1,"5":1,"6":1,"7":1,"8":1,"9":1,"10":1,"11":1,"12":1,"13":1,"14":0,"15":0,"16":0,"17":0,"18":0,"19":0,"20":0,"21":0,"22":0,"23":0,"24":0,"25":0,"26":0,"27":0,"28":0,"29":0,"30":0,"31":0,"32":0,"33":0,"34":0,"35":0,"36":1,"37":1,"38":1},"branchMap":{},"b":{},"fnMap":{"0":{"name":"execute","decl":{"start":{"line":14,"column":15},"end":{"line":36,"column":3}},"loc":{"start":{"line":14,"column":15},"end":{"line":36,"column":3}},"line":14}},"f":{"0":0}}
,"C:\\Users\\lucas\\OneDrive\\Área de Trabalho\\condo-access\\src\\modules\\visitantes\\typeorm\\entities\\Visitante.ts": {"path":"C:\\Users\\lucas\\OneDrive\\Área de Trabalho\\condo-access\\src\\modules\\visitantes\\typeorm\\entities\\Visitante.ts","all":false,"statementMap":{"0":{"start":{"line":1,"column":0},"end":{"line":1,"column":9}},"1":{"start":{"line":2,"column":0},"end":{"line":2,"column":12}},"2":{"start":{"line":3,"column":0},"end":{"line":3,"column":28}},"3":{"start":{"line":4,"column":0},"end":{"line":4,"column":12}},"4":{"start":{"line":5,"column":0},"end":{"line":5,"column":22}},"5":{"start":{"line":6,"column":0},"end":{"line":6,"column":21}},"6":{"start":{"line":7,"column":0},"end":{"line":7,"column":17}},"7":{"start":{"line":8,"column":0},"end":{"line":8,"column":2}},"8":{"start":{"line":9,"column":0},"end":{"line":9,"column":23}},"9":{"start":{"line":10,"column":0},"end":{"line":10,"column":19}},"10":{"start":{"line":11,"column":0},"end":{"line":11,"column":35}},"11":{"start":{"line":12,"column":0},"end":{"line":12,"column":15}},"12":{"start":{"line":13,"column":0},"end":{"line":13,"column":0}},"13":{"start":{"line":14,"column":0},"end":{"line":14,"column":13}},"14":{"start":{"line":15,"column":0},"end":{"line":15,"column":26}},"15":{"start":{"line":16,"column":0},"end":{"line":16,"column":0}},"16":{"start":{"line":17,"column":0},"end":{"line":17,"column":13}},"17":{"start":{"line":18,"column":0},"end":{"line":18,"column":15}},"18":{"start":{"line":19,"column":0},"end":{"line":19,"column":0}},"19":{"start":{"line":20,"column":0},"end":{"line":20,"column":23}},"20":{"start":{"line":21,"column":0},"end":{"line":21,"column":21}},"21":{"start":{"line":22,"column":0},"end":{"line":22,"column":0}},"22":{"start":{"line":23,"column":0},"end":{"line":23,"column":23}},"23":{"start":{"line":24,"column":0},"end":{"line":24,"column":21}},"24":{"start":{"line":25,"column":0},"end":{"line":25,"column":3}},"25":{"start":{"line":26,"column":0},"end":{"line":26,"column":2}},"26":{"start":{"line":27,"column":0},"end":{"line":27,"column":27}}},"s":{"0":1,"1":1,"2":1,"3":1,"4":1,"5":1,"6":1,"7":1,"8":1,"9":1,"10":1,"11":1,"12":1,"13":1,"14":1,"15":1,"16":1,"17":1,"18":1,"19":1,"20":1,"21":1,"22":1,"23":1,"24":1,"25":1,"26":1},"branchMap":{},"b":{},"fnMap":{},"f":{}}
,"C:\\Users\\lucas\\OneDrive\\Área de Trabalho\\condo-access\\src\\modules\\visitantes\\typeorm\\repositories\\VisitantesRepository.ts": {"path":"C:\\Users\\lucas\\OneDrive\\Área de Trabalho\\condo-access\\src\\modules\\visitantes\\typeorm\\repositories\\VisitantesRepository.ts","all":false,"statementMap":{"0":{"start":{"line":1,"column":0},"end":{"line":1,"column":55}},"1":{"start":{"line":2,"column":0},"end":{"line":2,"column":46}},"2":{"start":{"line":3,"column":0},"end":{"line":3,"column":0}},"3":{"start":{"line":4,"column":0},"end":{"line":4,"column":28}},"4":{"start":{"line":5,"column":0},"end":{"line":5,"column":58}},"5":{"start":{"line":6,"column":0},"end":{"line":6,"column":71}},"6":{"start":{"line":7,"column":0},"end":{"line":7,"column":46}},"7":{"start":{"line":8,"column":0},"end":{"line":8,"column":20}},"8":{"start":{"line":9,"column":0},"end":{"line":9,"column":19}},"9":{"start":{"line":10,"column":0},"end":{"line":10,"column":14}},"10":{"start":{"line":11,"column":0},"end":{"line":11,"column":11}},"11":{"start":{"line":12,"column":0},"end":{"line":12,"column":4}},"12":{"start":{"line":13,"column":0},"end":{"line":13,"column":25}},"13":{"start":{"line":14,"column":0},"end":{"line":14,"column":5}},"14":{"start":{"line":15,"column":0},"end":{"line":15,"column":0}},"15":{"start":{"line":16,"column":0},"end":{"line":16,"column":84}},"16":{"start":{"line":17,"column":0},"end":{"line":17,"column":46}},"17":{"start":{"line":18,"column":0},"end":{"line":18,"column":20}},"18":{"start":{"line":19,"column":0},"end":{"line":19,"column":30}},"19":{"start":{"line":20,"column":0},"end":{"line":20,"column":14}},"20":{"start":{"line":21,"column":0},"end":{"line":21,"column":11}},"21":{"start":{"line":22,"column":0},"end":{"line":22,"column":0}},"22":{"start":{"line":23,"column":0},"end":{"line":23,"column":25}},"23":{"start":{"line":24,"column":0},"end":{"line":24,"column":5}},"24":{"start":{"line":25,"column":0},"end":{"line":25,"column":0}},"25":{"start":{"line":26,"column":0},"end":{"line":26,"column":71}},"26":{"start":{"line":27,"column":0},"end":{"line":27,"column":46}},"27":{"start":{"line":28,"column":0},"end":{"line":28,"column":20}},"28":{"start":{"line":29,"column":0},"end":{"line":29,"column":19}},"29":{"start":{"line":30,"column":0},"end":{"line":30,"column":14}},"30":{"start":{"line":31,"column":0},"end":{"line":31,"column":11}},"31":{"start":{"line":32,"column":0},"end":{"line":32,"column":0}},"32":{"start":{"line":33,"column":0},"end":{"line":33,"column":25}},"33":{"start":{"line":34,"column":0},"end":{"line":34,"column":5}},"34":{"start":{"line":35,"column":0},"end":{"line":35,"column":1}},"35":{"start":{"line":36,"column":0},"end":{"line":36,"column":0}},"36":{"start":{"line":37,"column":0},"end":{"line":37,"column":36}}},"s":{"0":1,"1":1,"2":1,"3":1,"4":1,"5":1,"6":0,"7":0,"8":0,"9":0,"10":0,"11":0,"12":0,"13":0,"14":1,"15":1,"16":0,"17":0,"18":0,"19":0,"20":0,"21":0,"22":0,"23":0,"24":1,"25":1,"26":0,"27":0,"28":0,"29":0,"30":0,"31":0,"32":0,"33":0,"34":1,"35":1,"36":1},"branchMap":{},"b":{},"fnMap":{"0":{"name":"findById","decl":{"start":{"line":6,"column":17},"end":{"line":14,"column":5}},"loc":{"start":{"line":6,"column":17},"end":{"line":14,"column":5}},"line":6},"1":{"name":"findByName","decl":{"start":{"line":16,"column":17},"end":{"line":24,"column":5}},"loc":{"start":{"line":16,"column":17},"end":{"line":24,"column":5}},"line":16},"2":{"name":"findByRg","decl":{"start":{"line":26,"column":17},"end":{"line":34,"column":5}},"loc":{"start":{"line":26,"column":17},"end":{"line":34,"column":5}},"line":26}},"f":{"0":0,"1":0,"2":0}}
,"C:\\Users\\lucas\\OneDrive\\Área de Trabalho\\condo-access\\src\\shared\\errors\\AppError.ts": {"path":"C:\\Users\\lucas\\OneDrive\\Área de Trabalho\\condo-access\\src\\shared\\errors\\AppError.ts","all":false,"statementMap":{"0":{"start":{"line":1,"column":0},"end":{"line":1,"column":16}},"1":{"start":{"line":2,"column":0},"end":{"line":2,"column":36}},"2":{"start":{"line":3,"column":0},"end":{"line":3,"column":39}},"3":{"start":{"line":4,"column":0},"end":{"line":4,"column":0}},"4":{"start":{"line":5,"column":0},"end":{"line":5,"column":59}},"5":{"start":{"line":6,"column":0},"end":{"line":6,"column":31}},"6":{"start":{"line":7,"column":0},"end":{"line":7,"column":37}},"7":{"start":{"line":8,"column":0},"end":{"line":8,"column":5}},"8":{"start":{"line":9,"column":0},"end":{"line":9,"column":1}},"9":{"start":{"line":10,"column":0},"end":{"line":10,"column":0}},"10":{"start":{"line":11,"column":0},"end":{"line":11,"column":24}}},"s":{"0":1,"1":1,"2":1,"3":1,"4":1,"5":0,"6":0,"7":0,"8":1,"9":1,"10":1},"branchMap":{},"b":{},"fnMap":{"0":{"name":"AppError","decl":{"start":{"line":5,"column":4},"end":{"line":8,"column":5}},"loc":{"start":{"line":5,"column":4},"end":{"line":8,"column":5}},"line":5}},"f":{"0":0}}
,"C:\\Users\\lucas\\OneDrive\\Área de Trabalho\\condo-access\\src\\shared\\utils\\CleanRg.ts": {"path":"C:\\Users\\lucas\\OneDrive\\Área de Trabalho\\condo-access\\src\\shared\\utils\\CleanRg.ts","all":false,"statementMap":{"0":{"start":{"line":1,"column":0},"end":{"line":1,"column":45}},"1":{"start":{"line":2,"column":0},"end":{"line":2,"column":27}},"2":{"start":{"line":3,"column":0},"end":{"line":3,"column":45}},"3":{"start":{"line":4,"column":0},"end":{"line":4,"column":40}},"4":{"start":{"line":5,"column":0},"end":{"line":5,"column":5}},"5":{"start":{"line":6,"column":0},"end":{"line":6,"column":0}},"6":{"start":{"line":7,"column":0},"end":{"line":7,"column":17}},"7":{"start":{"line":8,"column":0},"end":{"line":8,"column":1}}},"s":{"0":2,"1":2,"2":2,"3":1,"4":1,"5":2,"6":2,"7":2},"branchMap":{"0":{"type":"branch","line":1,"loc":{"start":{"line":1,"column":0},"end":{"line":8,"column":1}},"locations":[{"start":{"line":1,"column":0},"end":{"line":8,"column":1}}]},"1":{"type":"branch","line":3,"loc":{"start":{"line":3,"column":23},"end":{"line":3,"column":43}},"locations":[{"start":{"line":3,"column":23},"end":{"line":3,"column":43}}]},"2":{"type":"branch","line":3,"loc":{"start":{"line":3,"column":44},"end":{"line":5,"column":5}},"locations":[{"start":{"line":3,"column":44},"end":{"line":5,"column":5}}]}},"b":{"0":[2],"1":[1],"2":[1]},"fnMap":{"0":{"name":"cleanRg","decl":{"start":{"line":1,"column":0},"end":{"line":8,"column":1}},"loc":{"start":{"line":1,"column":0},"end":{"line":8,"column":1}},"line":1}},"f":{"0":2}}
}
